2022-10-19 10:50:30.670 +08:00 [INF] User profile is available. Using 'C:\Users\Administrator\AppData\Local\ASP.NET\DataProtection-Keys' as key repository and Windows DPAPI to encrypt keys at rest.
2022-10-19 10:50:31.482 +08:00 [INF] Entity Framework Core 6.0.10 initialized 'MEDbContext' using provider 'Microsoft.EntityFrameworkCore.SqlServer:6.0.10' with options: None
2022-10-19 10:50:31.943 +08:00 [INF] Executed DbCommand (24ms) [Parameters=[], CommandType='"Text"', CommandTimeout='30']
SELECT [t].[Id], [t].[CreationTime], [t].[FileSHA256Hash], [t].[FileSizeInBytes], [t].[LogText], [t].[Name], [t].[OutputFormat], [t].[OutputUrl], [t].[SourceSystem], [t].[SourceUrl], [t].[Status]
FROM [T_ME_EncodingItems] AS [t]
WHERE [t].[Status] = N'Ready'
2022-10-19 10:50:31.998 +08:00 [INF] Now listening on: http://localhost:50405
2022-10-19 10:50:32.008 +08:00 [INF] Application started. Press Ctrl+C to shut down.
2022-10-19 10:50:32.012 +08:00 [INF] Hosting environment: Development
2022-10-19 10:50:32.016 +08:00 [INF] Content root path: E:\CSharp\repos\YangZhongkeDotNet\YouZack\MediaEncoder.WebAPI\
2022-10-19 10:50:32.627 +08:00 [INF] Request starting HTTP/1.1 GET http://localhost:50405/swagger - -
2022-10-19 10:50:32.878 +08:00 [INF] Request finished HTTP/1.1 GET http://localhost:50405/swagger - - - 301 0 - 259.3344ms
2022-10-19 10:50:32.896 +08:00 [INF] Request starting HTTP/1.1 GET http://localhost:50405/swagger/index.html - -
2022-10-19 10:50:33.056 +08:00 [INF] Request finished HTTP/1.1 GET http://localhost:50405/swagger/index.html - - - 200 - text/html;charset=utf-8 159.6818ms
2022-10-19 10:50:33.111 +08:00 [INF] Request starting HTTP/1.1 GET http://localhost:50405/swagger/swagger-ui.css - -
2022-10-19 10:50:33.117 +08:00 [INF] Request starting HTTP/1.1 GET http://localhost:50405/swagger/swagger-ui-bundle.js - -
2022-10-19 10:50:33.117 +08:00 [INF] Request starting HTTP/1.1 GET http://localhost:50405/swagger/swagger-ui-standalone-preset.js - -
2022-10-19 10:50:33.133 +08:00 [INF] Request starting HTTP/1.1 GET http://localhost:50405/_framework/aspnetcore-browser-refresh.js - -
2022-10-19 10:50:33.149 +08:00 [INF] Request starting HTTP/1.1 GET http://localhost:50405/_vs/browserLink - -
2022-10-19 10:50:33.162 +08:00 [INF] Request finished HTTP/1.1 GET http://localhost:50405/_framework/aspnetcore-browser-refresh.js - - - 200 12008 application/javascript;+charset=utf-8 29.8546ms
2022-10-19 10:50:33.208 +08:00 [INF] Sending file. Request path: '/swagger-ui-standalone-preset.js'. Physical path: 'N/A'
2022-10-19 10:50:33.208 +08:00 [INF] Sending file. Request path: '/swagger-ui.css'. Physical path: 'N/A'
2022-10-19 10:50:33.215 +08:00 [INF] Request finished HTTP/1.1 GET http://localhost:50405/swagger/swagger-ui-standalone-preset.js - - - 200 337162 application/javascript 98.5197ms
2022-10-19 10:50:33.218 +08:00 [INF] Request finished HTTP/1.1 GET http://localhost:50405/swagger/swagger-ui.css - - - 200 143632 text/css 107.3782ms
2022-10-19 10:50:33.219 +08:00 [INF] Request finished HTTP/1.1 GET http://localhost:50405/_vs/browserLink - - - 200 - text/javascript;+charset=UTF-8 70.1426ms
2022-10-19 10:50:33.226 +08:00 [INF] Sending file. Request path: '/swagger-ui-bundle.js'. Physical path: 'N/A'
2022-10-19 10:50:33.228 +08:00 [INF] Request finished HTTP/1.1 GET http://localhost:50405/swagger/swagger-ui-bundle.js - - - 200 1092889 application/javascript 111.5168ms
2022-10-19 10:50:33.361 +08:00 [INF] Request starting HTTP/1.1 GET http://localhost:50405/swagger/favicon-16x16.png - -
2022-10-19 10:50:33.362 +08:00 [INF] Sending file. Request path: '/favicon-16x16.png'. Physical path: 'N/A'
2022-10-19 10:50:33.365 +08:00 [INF] Request finished HTTP/1.1 GET http://localhost:50405/swagger/favicon-16x16.png - - - 200 665 image/png 4.1058ms
2022-10-19 10:50:33.431 +08:00 [INF] Request starting HTTP/1.1 GET http://localhost:50405/swagger/v1/swagger.json - -
2022-10-19 10:50:33.461 +08:00 [INF] Request finished HTTP/1.1 GET http://localhost:50405/swagger/v1/swagger.json - - - 200 - application/json;charset=utf-8 30.5174ms
2022-10-19 10:50:37.020 +08:00 [INF] Executed DbCommand (3ms) [Parameters=[], CommandType='"Text"', CommandTimeout='30']
SELECT [t].[Id], [t].[CreationTime], [t].[FileSHA256Hash], [t].[FileSizeInBytes], [t].[LogText], [t].[Name], [t].[OutputFormat], [t].[OutputUrl], [t].[SourceSystem], [t].[SourceUrl], [t].[Status]
FROM [T_ME_EncodingItems] AS [t]
WHERE [t].[Status] = N'Ready'
